<?xml version="1.0" encoding="utf-8"?><testsuites name="pytest tests"><testsuite name="pytest" errors="0" failures="0" skipped="0" tests="24" time="3.480" timestamp="2026-04-21T07:28:09.791754+00:00" hostname="agent-env-1e23550a-aef8-41ec-bafc-7efe3da04521"><testcase classname="tests.test_skapa_api.TestHealthEndpoint" name="test_health_returns_ok" time="0.311" /><testcase classname="tests.test_skapa_api.TestSpotifyCallbackValidation" name="test_callback_missing_fields_returns_422" time="0.147" /><testcase classname="tests.test_skapa_api.TestSpotifyCallbackValidation" name="test_callback_short_code_verifier_returns_422" time="0.139" /><testcase classname="tests.test_skapa_api.TestSpotifyCallbackValidation" name="test_callback_fake_code_returns_400" time="0.256" /><testcase classname="tests.test_skapa_api.TestUnauthenticatedEndpoints" name="test_me_without_auth_returns_401" time="0.132" /><testcase classname="tests.test_skapa_api.TestUnauthenticatedEndpoints" name="test_me_with_malformed_token_returns_401" time="0.104" /><testcase classname="tests.test_skapa_api.TestUnauthenticatedEndpoints" name="test_me_now_playing_unauthenticated_returns_401" time="0.134" /><testcase classname="tests.test_skapa_api.TestUnauthenticatedEndpoints" name="test_me_top_tracks_unauthenticated_returns_401" time="0.106" /><testcase classname="tests.test_skapa_api.TestUnauthenticatedEndpoints" name="test_me_top_artists_unauthenticated_returns_401" time="0.117" /><testcase classname="tests.test_skapa_api.TestUnauthenticatedEndpoints" name="test_auth_refresh_unauthenticated_returns_401" time="0.110" /><testcase classname="tests.test_skapa_api.TestUnauthenticatedEndpoints" name="test_auth_logout_unauthenticated_returns_401" time="0.102" /><testcase classname="tests.test_skapa_api.TestUnauthenticatedEndpoints" name="test_spotify_disconnect_unauthenticated_returns_401" time="0.112" /><testcase classname="tests.test_skapa_api.TestUnauthenticatedEndpoints" name="test_me_vibe_unauthenticated_returns_401" time="0.109" /><testcase classname="tests.test_skapa_api.TestExpiredTamperedToken" name="test_expired_jwt_returns_401" time="0.171" /><testcase classname="tests.test_skapa_api.TestExpiredTamperedToken" name="test_tampered_jwt_returns_401" time="0.220" /><testcase classname="tests.test_authenticated_flows.TestEncryptionRoundtrip" name="test_encrypt_decrypt_roundtrip" time="0.244" /><testcase classname="tests.test_authenticated_flows.TestEncryptionRoundtrip" name="test_different_encryptions_produce_different_ciphertext" time="0.000" /><testcase classname="tests.test_authenticated_flows.TestJWTStructure" name="test_jwt_uses_hs256_with_jti_and_30day_expiry" time="0.000" /><testcase classname="tests.test_authenticated_flows.TestAuthenticatedFlows" name="test_get_me_with_valid_token" time="0.177" /><testcase classname="tests.test_authenticated_flows.TestAuthenticatedFlows" name="test_update_vibe_with_valid_token" time="0.108" /><testcase classname="tests.test_authenticated_flows.TestAuthenticatedFlows" name="test_logout_invalidates_session" time="0.358" /><testcase classname="tests.test_authenticated_flows.TestMongoDBIndexes" name="test_mongodb_indexes_exist" time="0.004" /><testcase classname="tests.test_authenticated_flows.TestCORSConfiguration" name="test_cors_allows_all_origins" time="0.181" /><testcase classname="tests.test_authenticated_flows.TestRefreshTokenEncryption" name="test_refresh_token_stored_encrypted" time="0.009" /></testsuite></testsuites>