<?xml version="1.0" encoding="utf-8"?><testsuites name="pytest tests"><testsuite name="pytest" errors="0" failures="0" skipped="0" tests="49" time="5.485" timestamp="2026-04-21T07:47:22.200568+00:00" hostname="agent-env-1e23550a-aef8-41ec-bafc-7efe3da04521"><testcase classname="tests.test_authenticated_flows.TestEncryptionRoundtrip" name="test_encrypt_decrypt_roundtrip" time="0.295" /><testcase classname="tests.test_authenticated_flows.TestEncryptionRoundtrip" name="test_different_encryptions_produce_different_ciphertext" time="0.000" /><testcase classname="tests.test_authenticated_flows.TestJWTStructure" name="test_jwt_uses_hs256_with_jti_and_30day_expiry" time="0.001" /><testcase classname="tests.test_authenticated_flows.TestAuthenticatedFlows" name="test_get_me_with_valid_token" time="0.316" /><testcase classname="tests.test_authenticated_flows.TestAuthenticatedFlows" name="test_update_vibe_with_valid_token" time="0.103" /><testcase classname="tests.test_authenticated_flows.TestAuthenticatedFlows" name="test_logout_invalidates_session" time="0.444" /><testcase classname="tests.test_authenticated_flows.TestMongoDBIndexes" name="test_mongodb_indexes_exist" time="0.004" /><testcase classname="tests.test_authenticated_flows.TestCORSConfiguration" name="test_cors_allows_all_origins" time="0.202" /><testcase classname="tests.test_authenticated_flows.TestRefreshTokenEncryption" name="test_refresh_token_stored_encrypted" time="0.006" /><testcase classname="tests.test_kms_and_drops.TestEnvelopeEncryptionRoundtrip" name="test_envelope_encrypt_decrypt_roundtrip" time="0.000" /><testcase classname="tests.test_kms_and_drops.TestEnvelopeEncryptionRoundtrip" name="test_envelope_encrypt_decrypt_longer_text" time="0.000" /><testcase classname="tests.test_kms_and_drops.TestEnvelopeFormat" name="test_envelope_is_base64_json" time="0.000" /><testcase classname="tests.test_kms_and_drops.TestPerEncryptionDEK" name="test_same_plaintext_different_ciphertext_and_dek" time="0.000" /><testcase classname="tests.test_kms_and_drops.TestLegacyV0Compatibility" name="test_legacy_v0_blob_decrypts_correctly" time="0.000" /><testcase classname="tests.test_kms_and_drops.TestLegacyV0Compatibility" name="test_legacy_v0_with_different_plaintext" time="0.000" /><testcase classname="tests.test_kms_and_drops.TestKmsProviderKeyId" name="test_kms_provider_key_id_returns_local_v1" time="0.000" /><testcase classname="tests.test_kms_and_drops.TestKmsProviderKeyId" name="test_envelope_records_kek_id" time="0.000" /><testcase classname="tests.test_kms_and_drops.TestSecurityModuleUsesEnvelope" name="test_encrypt_token_uses_envelope_format" time="0.000" /><testcase classname="tests.test_kms_and_drops.TestSecurityModuleUsesEnvelope" name="test_decrypt_token_handles_envelope" time="0.000" /><testcase classname="tests.test_kms_and_drops.TestDropsCreateEndpoint" name="test_create_drop_success" time="0.100" /><testcase classname="tests.test_kms_and_drops.TestDropsCreateEndpoint" name="test_create_drop_missing_track_title_returns_422" time="0.146" /><testcase classname="tests.test_kms_and_drops.TestDropsCreateEndpoint" name="test_create_drop_invalid_lat_returns_422" time="0.108" /><testcase classname="tests.test_kms_and_drops.TestDropsCreateEndpoint" name="test_create_drop_invalid_lng_returns_422" time="0.100" /><testcase classname="tests.test_kms_and_drops.TestDropsListEndpoint" name="test_list_drops_returns_array" time="0.147" /><testcase classname="tests.test_kms_and_drops.TestDropsListEndpoint" name="test_list_drops_honors_limit" time="0.471" /><testcase classname="tests.test_kms_and_drops.TestDropsListEndpoint" name="test_list_drops_sorted_by_created_at_desc" time="0.102" /><testcase classname="tests.test_kms_and_drops.TestDropsWaveEndpoint" name="test_wave_increments_counter" time="0.342" /><testcase classname="tests.test_kms_and_drops.TestDropsWaveEndpoint" name="test_wave_invalid_objectid_returns_400" time="0.100" /><testcase classname="tests.test_kms_and_drops.TestDropsWaveEndpoint" name="test_wave_nonexistent_id_returns_404" time="0.099" /><testcase classname="tests.test_kms_and_drops.TestDropsTuneInEndpoint" name="test_tune_in_increments_counter" time="0.342" /><testcase classname="tests.test_kms_and_drops.TestDropsTuneInEndpoint" name="test_tune_in_invalid_objectid_returns_400" time="0.115" /><testcase classname="tests.test_kms_and_drops.TestDropsTuneInEndpoint" name="test_tune_in_nonexistent_id_returns_404" time="0.110" /><testcase classname="tests.test_kms_and_drops.TestDropsTTL" name="test_drop_expires_at_is_24h_after_created_at" time="0.103" /><testcase classname="tests.test_kms_and_drops.TestDropsMongoDBIndexes" name="test_drops_indexes_exist" time="0.004" /><testcase classname="tests.test_skapa_api.TestHealthEndpoint" name="test_health_returns_ok" time="0.108" /><testcase classname="tests.test_skapa_api.TestSpotifyCallbackValidation" name="test_callback_missing_fields_returns_422" time="0.116" /><testcase classname="tests.test_skapa_api.TestSpotifyCallbackValidation" name="test_callback_short_code_verifier_returns_422" time="0.100" /><testcase classname="tests.test_skapa_api.TestSpotifyCallbackValidation" name="test_callback_fake_code_returns_400" time="0.181" /><testcase classname="tests.test_skapa_api.TestUnauthenticatedEndpoints" name="test_me_without_auth_returns_401" time="0.096" /><testcase classname="tests.test_skapa_api.TestUnauthenticatedEndpoints" name="test_me_with_malformed_token_returns_401" time="0.099" /><testcase classname="tests.test_skapa_api.TestUnauthenticatedEndpoints" name="test_me_now_playing_unauthenticated_returns_401" time="0.100" /><testcase classname="tests.test_skapa_api.TestUnauthenticatedEndpoints" name="test_me_top_tracks_unauthenticated_returns_401" time="0.104" /><testcase classname="tests.test_skapa_api.TestUnauthenticatedEndpoints" name="test_me_top_artists_unauthenticated_returns_401" time="0.105" /><testcase classname="tests.test_skapa_api.TestUnauthenticatedEndpoints" name="test_auth_refresh_unauthenticated_returns_401" time="0.101" /><testcase classname="tests.test_skapa_api.TestUnauthenticatedEndpoints" name="test_auth_logout_unauthenticated_returns_401" time="0.099" /><testcase classname="tests.test_skapa_api.TestUnauthenticatedEndpoints" name="test_spotify_disconnect_unauthenticated_returns_401" time="0.097" /><testcase classname="tests.test_skapa_api.TestUnauthenticatedEndpoints" name="test_me_vibe_unauthenticated_returns_401" time="0.104" /><testcase classname="tests.test_skapa_api.TestExpiredTamperedToken" name="test_expired_jwt_returns_401" time="0.121" /><testcase classname="tests.test_skapa_api.TestExpiredTamperedToken" name="test_tampered_jwt_returns_401" time="0.100" /></testsuite></testsuites>