<?xml version="1.0" encoding="utf-8"?><testsuites name="pytest tests"><testsuite name="pytest" errors="0" failures="0" skipped="0" tests="15" time="2.514" timestamp="2026-04-19T17:56:22.887522+00:00" hostname="agent-env-1e23550a-aef8-41ec-bafc-7efe3da04521"><testcase classname="tests.test_skapa_api.TestHealthEndpoint" name="test_health_returns_ok" time="0.226" /><testcase classname="tests.test_skapa_api.TestSpotifyCallbackValidation" name="test_callback_missing_fields_returns_422" time="0.142" /><testcase classname="tests.test_skapa_api.TestSpotifyCallbackValidation" name="test_callback_short_code_verifier_returns_422" time="0.148" /><testcase classname="tests.test_skapa_api.TestSpotifyCallbackValidation" name="test_callback_fake_code_returns_400" time="0.247" /><testcase classname="tests.test_skapa_api.TestUnauthenticatedEndpoints" name="test_me_without_auth_returns_401" time="0.102" /><testcase classname="tests.test_skapa_api.TestUnauthenticatedEndpoints" name="test_me_with_malformed_token_returns_401" time="0.119" /><testcase classname="tests.test_skapa_api.TestUnauthenticatedEndpoints" name="test_me_now_playing_unauthenticated_returns_401" time="0.105" /><testcase classname="tests.test_skapa_api.TestUnauthenticatedEndpoints" name="test_me_top_tracks_unauthenticated_returns_401" time="0.114" /><testcase classname="tests.test_skapa_api.TestUnauthenticatedEndpoints" name="test_me_top_artists_unauthenticated_returns_401" time="0.101" /><testcase classname="tests.test_skapa_api.TestUnauthenticatedEndpoints" name="test_auth_refresh_unauthenticated_returns_401" time="0.355" /><testcase classname="tests.test_skapa_api.TestUnauthenticatedEndpoints" name="test_auth_logout_unauthenticated_returns_401" time="0.123" /><testcase classname="tests.test_skapa_api.TestUnauthenticatedEndpoints" name="test_spotify_disconnect_unauthenticated_returns_401" time="0.131" /><testcase classname="tests.test_skapa_api.TestUnauthenticatedEndpoints" name="test_me_vibe_unauthenticated_returns_401" time="0.116" /><testcase classname="tests.test_skapa_api.TestExpiredTamperedToken" name="test_expired_jwt_returns_401" time="0.170" /><testcase classname="tests.test_skapa_api.TestExpiredTamperedToken" name="test_tampered_jwt_returns_401" time="0.159" /></testsuite></testsuites>