<?xml version="1.0" encoding="utf-8"?><testsuites name="pytest tests"><testsuite name="pytest" errors="0" failures="0" skipped="0" tests="25" time="2.745" timestamp="2026-04-21T07:28:17.759117+00:00" hostname="agent-env-1e23550a-aef8-41ec-bafc-7efe3da04521"><testcase classname="tests.test_kms_and_drops.TestEnvelopeEncryptionRoundtrip" name="test_envelope_encrypt_decrypt_roundtrip" time="0.071" /><testcase classname="tests.test_kms_and_drops.TestEnvelopeEncryptionRoundtrip" name="test_envelope_encrypt_decrypt_longer_text" time="0.000" /><testcase classname="tests.test_kms_and_drops.TestEnvelopeFormat" name="test_envelope_is_base64_json" time="0.000" /><testcase classname="tests.test_kms_and_drops.TestPerEncryptionDEK" name="test_same_plaintext_different_ciphertext_and_dek" time="0.000" /><testcase classname="tests.test_kms_and_drops.TestLegacyV0Compatibility" name="test_legacy_v0_blob_decrypts_correctly" time="0.000" /><testcase classname="tests.test_kms_and_drops.TestLegacyV0Compatibility" name="test_legacy_v0_with_different_plaintext" time="0.000" /><testcase classname="tests.test_kms_and_drops.TestKmsProviderKeyId" name="test_kms_provider_key_id_returns_local_v1" time="0.000" /><testcase classname="tests.test_kms_and_drops.TestKmsProviderKeyId" name="test_envelope_records_kek_id" time="0.000" /><testcase classname="tests.test_kms_and_drops.TestSecurityModuleUsesEnvelope" name="test_encrypt_token_uses_envelope_format" time="0.195" /><testcase classname="tests.test_kms_and_drops.TestSecurityModuleUsesEnvelope" name="test_decrypt_token_handles_envelope" time="0.000" /><testcase classname="tests.test_kms_and_drops.TestDropsCreateEndpoint" name="test_create_drop_success" time="0.150" /><testcase classname="tests.test_kms_and_drops.TestDropsCreateEndpoint" name="test_create_drop_missing_track_title_returns_422" time="0.145" /><testcase classname="tests.test_kms_and_drops.TestDropsCreateEndpoint" name="test_create_drop_invalid_lat_returns_422" time="0.099" /><testcase classname="tests.test_kms_and_drops.TestDropsCreateEndpoint" name="test_create_drop_invalid_lng_returns_422" time="0.114" /><testcase classname="tests.test_kms_and_drops.TestDropsListEndpoint" name="test_list_drops_returns_array" time="0.123" /><testcase classname="tests.test_kms_and_drops.TestDropsListEndpoint" name="test_list_drops_honors_limit" time="0.429" /><testcase classname="tests.test_kms_and_drops.TestDropsListEndpoint" name="test_list_drops_sorted_by_created_at_desc" time="0.107" /><testcase classname="tests.test_kms_and_drops.TestDropsWaveEndpoint" name="test_wave_increments_counter" time="0.301" /><testcase classname="tests.test_kms_and_drops.TestDropsWaveEndpoint" name="test_wave_invalid_objectid_returns_400" time="0.119" /><testcase classname="tests.test_kms_and_drops.TestDropsWaveEndpoint" name="test_wave_nonexistent_id_returns_404" time="0.108" /><testcase classname="tests.test_kms_and_drops.TestDropsTuneInEndpoint" name="test_tune_in_increments_counter" time="0.312" /><testcase classname="tests.test_kms_and_drops.TestDropsTuneInEndpoint" name="test_tune_in_invalid_objectid_returns_400" time="0.108" /><testcase classname="tests.test_kms_and_drops.TestDropsTuneInEndpoint" name="test_tune_in_nonexistent_id_returns_404" time="0.112" /><testcase classname="tests.test_kms_and_drops.TestDropsTTL" name="test_drop_expires_at_is_24h_after_created_at" time="0.100" /><testcase classname="tests.test_kms_and_drops.TestDropsMongoDBIndexes" name="test_drops_indexes_exist" time="0.048" /></testsuite></testsuites>