<?xml version="1.0" encoding="utf-8"?><testsuites name="pytest tests"><testsuite name="pytest" errors="0" failures="0" skipped="0" tests="18" time="2.219" timestamp="2026-04-21T07:49:15.273547+00:00" hostname="agent-env-1e23550a-aef8-41ec-bafc-7efe3da04521"><testcase classname="tests.test_rooms_ws.TestRoomsCreateEndpoint" name="test_create_room_success" time="0.139" /><testcase classname="tests.test_rooms_ws.TestRoomsCreateEndpoint" name="test_create_room_missing_name_returns_422" time="0.109" /><testcase classname="tests.test_rooms_ws.TestRoomsCreateEndpoint" name="test_create_room_missing_host_id_returns_422" time="0.106" /><testcase classname="tests.test_rooms_ws.TestRoomsCreateEndpoint" name="test_room_code_uniqueness" time="0.315" /><testcase classname="tests.test_rooms_ws.TestRoomsListEndpoint" name="test_list_rooms_returns_array" time="0.099" /><testcase classname="tests.test_rooms_ws.TestRoomsGetSingleEndpoint" name="test_get_room_by_code" time="0.203" /><testcase classname="tests.test_rooms_ws.TestRoomsGetSingleEndpoint" name="test_get_room_case_insensitive" time="0.101" /><testcase classname="tests.test_rooms_ws.TestRoomsGetSingleEndpoint" name="test_get_room_nonexistent_returns_404" time="0.110" /><testcase classname="tests.test_rooms_ws.TestWebSocketBasicConnection" name="test_ws_connect_and_hello" time="0.116" /><testcase classname="tests.test_rooms_ws.TestWebSocketBasicConnection" name="test_ws_hello_without_user_closes_4000" time="0.003" /><testcase classname="tests.test_rooms_ws.TestWebSocketBasicConnection" name="test_ws_connect_invalid_room_closes" time="0.003" /><testcase classname="tests.test_rooms_ws.TestWebSocketBasicConnection" name="test_ws_ping_pong" time="0.003" /><testcase classname="tests.test_rooms_ws.TestWebSocketPresence" name="test_ws_member_joined_broadcast" time="0.112" /><testcase classname="tests.test_rooms_ws.TestWebSocketPresence" name="test_ws_member_left_on_disconnect" time="0.006" /><testcase classname="tests.test_rooms_ws.TestWebSocketReactions" name="test_ws_reaction_broadcast" time="0.121" /><testcase classname="tests.test_rooms_ws.TestWebSocketNowPlaying" name="test_ws_now_playing_broadcast_and_db_update" time="0.241" /><testcase classname="tests.test_rooms_ws.TestRoomsLiveCount" name="test_live_count_reflects_ws_connections" time="0.263" /><testcase classname="tests.test_rooms_ws.TestRoomsMongoDBIndexes" name="test_rooms_indexes_exist" time="0.070" /></testsuite></testsuites>