<?xml version="1.0" encoding="utf-8"?><testsuites name="pytest tests"><testsuite name="pytest" errors="0" failures="0" skipped="0" tests="9" time="1.280" timestamp="2026-04-19T17:56:29.555670+00:00" hostname="agent-env-1e23550a-aef8-41ec-bafc-7efe3da04521"><testcase classname="tests.test_authenticated_flows.TestEncryptionRoundtrip" name="test_encrypt_decrypt_roundtrip" time="0.267" /><testcase classname="tests.test_authenticated_flows.TestEncryptionRoundtrip" name="test_different_encryptions_produce_different_ciphertext" time="0.000" /><testcase classname="tests.test_authenticated_flows.TestJWTStructure" name="test_jwt_uses_hs256_with_jti_and_30day_expiry" time="0.001" /><testcase classname="tests.test_authenticated_flows.TestAuthenticatedFlows" name="test_get_me_with_valid_token" time="0.190" /><testcase classname="tests.test_authenticated_flows.TestAuthenticatedFlows" name="test_update_vibe_with_valid_token" time="0.119" /><testcase classname="tests.test_authenticated_flows.TestAuthenticatedFlows" name="test_logout_invalidates_session" time="0.392" /><testcase classname="tests.test_authenticated_flows.TestMongoDBIndexes" name="test_mongodb_indexes_exist" time="0.004" /><testcase classname="tests.test_authenticated_flows.TestCORSConfiguration" name="test_cors_allows_all_origins" time="0.221" /><testcase classname="tests.test_authenticated_flows.TestRefreshTokenEncryption" name="test_refresh_token_stored_encrypted" time="0.005" /></testsuite></testsuites>